api/build/intermediates/manifest_merge_blame_file/debug/manifest-merger-blame-debug-report.txt
1<?xml version="1.0" encoding="utf-8"?>
2<manifest xmlns:android="http://schemas.android.com/apk/res/android"
3    package="com.readrops.api" >
4
5    <uses-sdk
6        android:minSdkVersion="21"
7        android:targetSdkVersion="29" />
8
9    <!-- for tests only -->
10    <uses-permission android:name="android.permission.WRITE_EXTERNAL_STORAGE" />
10-->src\debug\AndroidManifest.xml:5:5-81
10-->src\debug\AndroidManifest.xml:5:22-78
11    <uses-permission android:name="android.permission.INTERNET" />
11-->src\debug\AndroidManifest.xml:6:5-67
11-->src\debug\AndroidManifest.xml:6:22-64
12
13    <application
13-->src\debug\AndroidManifest.xml:8:5-10:47
14        android:requestLegacyExternalStorage="true"
14-->src\debug\AndroidManifest.xml:9:9-52
15        android:usesCleartextTraffic="true" />
15-->src\debug\AndroidManifest.xml:10:9-44
16
17</manifest>